

Started GET "/assets/rails.png" for 127.0.0.1 at 2012-09-13 09:54:16 +0900
Connecting to database specified by database.yml
Served asset /rails.png - 304 Not Modified (6ms)


Started GET "/assets/rails.png" for 127.0.0.1 at 2012-09-13 11:51:42 +0900
Connecting to database specified by database.yml

Mysql2::Error (Access denied for user 'root'@'localhost' (using password: NO)):
  mysql2 (0.3.11) lib/mysql2/client.rb:44:in `connect'
  mysql2 (0.3.11) lib/mysql2/client.rb:44:in `initialize'
  activerecord (3.2.8) lib/active_record/connection_adapters/mysql2_adapter.rb:16:in `new'
  activerecord (3.2.8) lib/active_record/connection_adapters/mysql2_adapter.rb:16:in `mysql2_connection'
  activerecord (3.2.8) lib/active_record/connection_adapters/abstract/connection_pool.rb:309:in `new_connection'
  activerecord (3.2.8) lib/active_record/connection_adapters/abstract/connection_pool.rb:319:in `checkout_new_connection'
  activerecord (3.2.8) lib/active_record/connection_adapters/abstract/connection_pool.rb:241:in `block (2 levels) in checkout'
  activerecord (3.2.8) lib/active_record/connection_adapters/abstract/connection_pool.rb:236:in `loop'
  activerecord (3.2.8) lib/active_record/connection_adapters/abstract/connection_pool.rb:236:in `block in checkout'
  /usr/local/rvm/rubies/ruby-1.9.3-p194/lib/ruby/1.9.1/monitor.rb:211:in `mon_synchronize'
  activerecord (3.2.8) lib/active_record/connection_adapters/abstract/connection_pool.rb:233:in `checkout'
  activerecord (3.2.8) lib/active_record/connection_adapters/abstract/connection_pool.rb:96:in `block in connection'
  /usr/local/rvm/rubies/ruby-1.9.3-p194/lib/ruby/1.9.1/monitor.rb:211:in `mon_synchronize'
  activerecord (3.2.8) lib/active_record/connection_adapters/abstract/connection_pool.rb:95:in `connection'
  activerecord (3.2.8) lib/active_record/connection_adapters/abstract/connection_pool.rb:404:in `retrieve_connection'
  activerecord (3.2.8) lib/active_record/connection_adapters/abstract/connection_specification.rb:170:in `retrieve_connection'
  activerecord (3.2.8) lib/active_record/connection_adapters/abstract/connection_specification.rb:144:in `connection'
  activerecord (3.2.8) lib/active_record/query_cache.rb:67:in `rescue in call'
  activerecord (3.2.8) lib/active_record/query_cache.rb:61:in `call'
  activerecord (3.2.8) lib/active_record/connection_adapters/abstract/connection_pool.rb:473:in `call'
  actionpack (3.2.8) lib/action_dispatch/middleware/callbacks.rb:28:in `block in call'
  activesupport (3.2.8) lib/active_support/callbacks.rb:405:in `_run__657710407048774903__call__2318136556895439004__callbacks'
  activesupport (3.2.8) lib/active_support/callbacks.rb:405:in `__run_callback'
  activesupport (3.2.8) lib/active_support/callbacks.rb:385:in `_run_call_callbacks'
  activesupport (3.2.8) lib/active_support/callbacks.rb:81:in `run_callbacks'
  actionpack (3.2.8) lib/action_dispatch/middleware/callbacks.rb:27:in `call'
  actionpack (3.2.8) lib/action_dispatch/middleware/reloader.rb:65:in `call'
  actionpack (3.2.8) lib/action_dispatch/middleware/remote_ip.rb:31:in `call'
  actionpack (3.2.8) lib/action_dispatch/middleware/debug_exceptions.rb:16:in `call'
  actionpack (3.2.8) lib/action_dispatch/middleware/show_exceptions.rb:56:in `call'
  railties (3.2.8) lib/rails/rack/logger.rb:26:in `call_app'
  railties (3.2.8) lib/rails/rack/logger.rb:16:in `call'
  actionpack (3.2.8) lib/action_dispatch/middleware/request_id.rb:22:in `call'
  rack (1.4.1) lib/rack/methodoverride.rb:21:in `call'
  rack (1.4.1) lib/rack/runtime.rb:17:in `call'
  activesupport (3.2.8) lib/active_support/cache/strategy/local_cache.rb:72:in `call'
  rack (1.4.1) lib/rack/lock.rb:15:in `call'
  actionpack (3.2.8) lib/action_dispatch/middleware/static.rb:62:in `call'
  railties (3.2.8) lib/rails/engine.rb:479:in `call'
  railties (3.2.8) lib/rails/application.rb:223:in `call'
  rack (1.4.1) lib/rack/content_length.rb:14:in `call'
  railties (3.2.8) lib/rails/rack/log_tailer.rb:17:in `call'
  rack (1.4.1) lib/rack/handler/webrick.rb:59:in `service'
  /usr/local/rvm/rubies/ruby-1.9.3-p194/lib/ruby/1.9.1/webrick/httpserver.rb:138:in `service'
  /usr/local/rvm/rubies/ruby-1.9.3-p194/lib/ruby/1.9.1/webrick/httpserver.rb:94:in `run'
  /usr/local/rvm/rubies/ruby-1.9.3-p194/lib/ruby/1.9.1/webrick/server.rb:191:in `block in start_thread'


  Rendered /usr/local/rvm/gems/ruby-1.9.3-p194/gems/actionpack-3.2.8/lib/action_dispatch/middleware/templates/rescues/_trace.erb (2.6ms)
  Rendered /usr/local/rvm/gems/ruby-1.9.3-p194/gems/actionpack-3.2.8/lib/action_dispatch/middleware/templates/rescues/_request_and_response.erb (21.1ms)
  Rendered /usr/local/rvm/gems/ruby-1.9.3-p194/gems/actionpack-3.2.8/lib/action_dispatch/middleware/templates/rescues/diagnostics.erb within rescues/layout (52.7ms)
Connecting to database specified by database.yml
Connecting to database specified by database.yml
Connecting to database specified by database.yml
Connecting to database specified by database.yml
  [1m[36m (70.5ms)[0m  [1mCREATE TABLE `schema_migrations` (`version` varchar(255) NOT NULL) ENGINE=InnoDB[0m
  [1m[35m (213.6ms)[0m  CREATE UNIQUE INDEX `unique_schema_migrations` ON `schema_migrations` (`version`)
  [1m[36m (1.8ms)[0m  [1mSELECT `schema_migrations`.`version` FROM `schema_migrations` [0m
Migrating to CreateTasks (20120913025302)
  [1m[35m (111.7ms)[0m  CREATE TABLE `tasks` (`id` int(11) DEFAULT NULL auto_increment PRIMARY KEY, `description` varchar(255), `done` tinyint(1), `created_at` datetime NOT NULL, `updated_at` datetime NOT NULL) ENGINE=InnoDB
  [1m[36m (0.9ms)[0m  [1mINSERT INTO `schema_migrations` (`version`) VALUES ('20120913025302')[0m
  [1m[35m (0.2ms)[0m  SELECT `schema_migrations`.`version` FROM `schema_migrations` 


Started GET "/assets/rails.png" for 127.0.0.1 at 2012-09-13 11:58:40 +0900
Connecting to database specified by database.yml
Served asset /rails.png - 200 OK (16ms)


Started GET "/tasks" for 127.0.0.1 at 2012-09-13 11:58:48 +0900
Processing by TasksController#index as HTML
  [1m[36mTask Load (0.2ms)[0m  [1mSELECT `tasks`.* FROM `tasks` [0m
  Rendered tasks/index.html.erb within layouts/application (3.9ms)
Compiled scaffolds.css  (65ms)  (pid 63000)
Compiled tasks.css  (2ms)  (pid 63000)
Compiled application.css  (86ms)  (pid 63000)
Compiled jquery.js  (10ms)  (pid 63000)
Compiled jquery_ujs.js  (0ms)  (pid 63000)
Compiled tasks.js  (335ms)  (pid 63000)
Compiled application.js  (445ms)  (pid 63000)
Completed 200 OK in 754ms (Views: 653.3ms | ActiveRecord: 2.1ms)


Started GET "/assets/tasks.js?body=1" for 127.0.0.1 at 2012-09-13 11:58:48 +0900
Served asset /tasks.js - 304 Not Modified (4ms)


Started GET "/assets/jquery.js?body=1" for 127.0.0.1 at 2012-09-13 11:58:49 +0900
Served asset /jquery.js - 304 Not Modified (3ms)


Started GET "/assets/jquery_ujs.js?body=1" for 127.0.0.1 at 2012-09-13 11:58:49 +0900
Served asset /jquery_ujs.js - 304 Not Modified (2ms)


Started GET "/assets/application.js?body=1" for 127.0.0.1 at 2012-09-13 11:58:49 +0900
Served asset /application.js - 200 OK (5ms)


Started GET "/assets/scaffolds.css?body=1" for 127.0.0.1 at 2012-09-13 11:58:49 +0900
Served asset /scaffolds.css - 304 Not Modified (2ms)


Started GET "/assets/application.css?body=1" for 127.0.0.1 at 2012-09-13 11:58:49 +0900
Served asset /application.css - 304 Not Modified (4ms)


Started GET "/assets/tasks.css?body=1" for 127.0.0.1 at 2012-09-13 11:58:49 +0900
Served asset /tasks.css - 304 Not Modified (2ms)


Started GET "/tasks/new" for 127.0.0.1 at 2012-09-13 11:58:50 +0900
Processing by TasksController#new as HTML
  Rendered tasks/_form.html.erb (23.9ms)
  Rendered tasks/new.html.erb within layouts/application (47.4ms)
Completed 200 OK in 63ms (Views: 54.0ms | ActiveRecord: 0.0ms)


Started GET "/assets/application.css?body=1" for 127.0.0.1 at 2012-09-13 11:58:50 +0900
Served asset /application.css - 304 Not Modified (0ms)


Started GET "/assets/tasks.css?body=1" for 127.0.0.1 at 2012-09-13 11:58:50 +0900
Served asset /tasks.css - 304 Not Modified (0ms)


Started GET "/assets/jquery.js?body=1" for 127.0.0.1 at 2012-09-13 11:58:50 +0900
Served asset /jquery.js - 304 Not Modified (0ms)


Started GET "/assets/tasks.js?body=1" for 127.0.0.1 at 2012-09-13 11:58:50 +0900
Served asset /tasks.js - 304 Not Modified (27ms)


Started GET "/assets/scaffolds.css?body=1" for 127.0.0.1 at 2012-09-13 11:58:50 +0900
Served asset /scaffolds.css - 304 Not Modified (0ms)


Started GET "/assets/jquery_ujs.js?body=1" for 127.0.0.1 at 2012-09-13 11:58:50 +0900
Served asset /jquery_ujs.js - 304 Not Modified (0ms)


Started POST "/tasks" for 127.0.0.1 at 2012-09-13 11:58:59 +0900
Processing by TasksController#create as HTML
  Parameters: {"utf8"=>"✓", "authenticity_token"=>"7C0IK+c2sQlsh+MJjjuzoIKjhV1kHo0nfM1vrF7cDxA=", "task"=>{"description"=>"test", "done"=>"1"}, "commit"=>"Create Task"}
  [1m[35m (0.2ms)[0m  BEGIN
  [1m[36mSQL (0.3ms)[0m  [1mINSERT INTO `tasks` (`created_at`, `description`, `done`, `updated_at`) VALUES ('2012-09-13 02:58:59', 'test', 1, '2012-09-13 02:58:59')[0m
  [1m[35m (0.5ms)[0m  COMMIT
Redirected to http://localhost:3000/tasks/1
Completed 302 Found in 67ms (ActiveRecord: 0.9ms)


Started GET "/tasks/1" for 127.0.0.1 at 2012-09-13 11:58:59 +0900
Processing by TasksController#show as HTML
  Parameters: {"id"=>"1"}
  [1m[36mTask Load (0.4ms)[0m  [1mSELECT `tasks`.* FROM `tasks` WHERE `tasks`.`id` = 1 LIMIT 1[0m
  Rendered tasks/show.html.erb within layouts/application (1.7ms)
Completed 200 OK in 12ms (Views: 8.3ms | ActiveRecord: 0.4ms)


Started GET "/assets/application.css?body=1" for 127.0.0.1 at 2012-09-13 11:58:59 +0900
Served asset /application.css - 304 Not Modified (0ms)


Started GET "/assets/tasks.css?body=1" for 127.0.0.1 at 2012-09-13 11:58:59 +0900
Served asset /tasks.css - 304 Not Modified (0ms)


Started GET "/assets/jquery.js?body=1" for 127.0.0.1 at 2012-09-13 11:58:59 +0900
Served asset /jquery.js - 304 Not Modified (0ms)


Started GET "/assets/tasks.js?body=1" for 127.0.0.1 at 2012-09-13 11:58:59 +0900
Served asset /tasks.js - 304 Not Modified (0ms)


Started GET "/assets/jquery_ujs.js?body=1" for 127.0.0.1 at 2012-09-13 11:58:59 +0900
Served asset /jquery_ujs.js - 304 Not Modified (0ms)


Started GET "/assets/scaffolds.css?body=1" for 127.0.0.1 at 2012-09-13 11:58:59 +0900
Served asset /scaffolds.css - 304 Not Modified (0ms)


Started GET "/tasks" for 127.0.0.1 at 2012-09-13 11:59:02 +0900
Processing by TasksController#index as HTML
  [1m[35mTask Load (0.3ms)[0m  SELECT `tasks`.* FROM `tasks` 
  Rendered tasks/index.html.erb within layouts/application (1.6ms)
Completed 200 OK in 10ms (Views: 8.5ms | ActiveRecord: 0.3ms)


Started GET "/assets/application.css?body=1" for 127.0.0.1 at 2012-09-13 11:59:02 +0900
Served asset /application.css - 304 Not Modified (0ms)


Started GET "/assets/tasks.js?body=1" for 127.0.0.1 at 2012-09-13 11:59:02 +0900
Served asset /tasks.js - 304 Not Modified (0ms)


Started GET "/assets/tasks.css?body=1" for 127.0.0.1 at 2012-09-13 11:59:02 +0900
Served asset /tasks.css - 304 Not Modified (0ms)


Started GET "/assets/jquery_ujs.js?body=1" for 127.0.0.1 at 2012-09-13 11:59:02 +0900
Served asset /jquery_ujs.js - 304 Not Modified (0ms)


Started GET "/assets/scaffolds.css?body=1" for 127.0.0.1 at 2012-09-13 11:59:02 +0900
Served asset /scaffolds.css - 304 Not Modified (0ms)


Started GET "/assets/jquery.js?body=1" for 127.0.0.1 at 2012-09-13 11:59:02 +0900
Served asset /jquery.js - 304 Not Modified (0ms)


Started GET "/assets/rails.png" for 127.0.0.1 at 2012-09-13 14:40:12 +0900
Connecting to database specified by database.yml
Served asset /rails.png - 304 Not Modified (30ms)


Started GET "/tasks" for 127.0.0.1 at 2012-09-13 14:40:17 +0900
Processing by TasksController#index as HTML
  [1m[36mTask Load (0.2ms)[0m  [1mSELECT `tasks`.* FROM `tasks` [0m
  Rendered tasks/index.html.erb within layouts/application (26.2ms)
Completed 200 OK in 418ms (Views: 255.5ms | ActiveRecord: 50.1ms)


Started GET "/assets/jquery_ujs.js?body=1" for 127.0.0.1 at 2012-09-13 14:40:18 +0900
Served asset /jquery_ujs.js - 304 Not Modified (2ms)


Started GET "/assets/tasks.js?body=1" for 127.0.0.1 at 2012-09-13 14:40:18 +0900
Served asset /tasks.js - 304 Not Modified (3ms)


Started GET "/assets/application.css?body=1" for 127.0.0.1 at 2012-09-13 14:40:18 +0900
Served asset /application.css - 304 Not Modified (7ms)


Started GET "/assets/application.js?body=1" for 127.0.0.1 at 2012-09-13 14:40:18 +0900
Served asset /application.js - 304 Not Modified (6ms)


Started GET "/assets/tasks.css?body=1" for 127.0.0.1 at 2012-09-13 14:40:18 +0900
Served asset /tasks.css - 304 Not Modified (2ms)


Started GET "/assets/scaffolds.css?body=1" for 127.0.0.1 at 2012-09-13 14:40:18 +0900
Served asset /scaffolds.css - 304 Not Modified (3ms)


Started GET "/assets/jquery.js?body=1" for 127.0.0.1 at 2012-09-13 14:40:18 +0900
Served asset /jquery.js - 304 Not Modified (3ms)
